0 info it worked if it ends with ok
1 verbose cli [ '/Users/ami/.nvm/versions/node/v6.11.0/bin/node',
1 verbose cli   '/Users/ami/.nvm/versions/node/v6.11.0/bin/npm',
1 verbose cli   'run',
1 verbose cli   'd' ]
2 info using npm@3.10.10
3 info using node@v6.11.0
4 verbose run-script [ 'pred', 'd', 'postd' ]
5 info lifecycle hexo-site@0.0.0~pred: hexo-site@0.0.0
6 verbose lifecycle hexo-site@0.0.0~pred: unsafe-perm in lifecycle true
7 verbose lifecycle hexo-site@0.0.0~pred: PATH: /Users/ami/.nvm/versions/node/v6.11.0/lib/node_modules/npm/bin/node-gyp-bin:/Users/ami/Desktop/FerryVipBlog/node_modules/.bin:/Users/ami/.nvm/versions/node/v6.11.0/bin:~/Library/Android/sdk/tools:~/Library/Android/sdk/platform-tools:/usr/local/bin:/usr/bin:/bin:/usr/sbin:/sbin:/usr/local/aria2/bin:/Applications/Wireshark.app/Contents/MacOS
8 verbose lifecycle hexo-site@0.0.0~pred: CWD: /Users/ami/Desktop/FerryVipBlog
9 silly lifecycle hexo-site@0.0.0~pred: Args: [ '-c',
9 silly lifecycle   'git add --all . && git commit -m \'update blog\' && git push --quiet --force origin' ]
10 silly lifecycle hexo-site@0.0.0~pred: Returned: code: 1  signal: null
11 info lifecycle hexo-site@0.0.0~pred: Failed to exec pred script
12 verbose stack Error: hexo-site@0.0.0 pred: `git add --all . && git commit -m 'update blog' && git push --quiet --force origin`
12 verbose stack Exit status 1
12 verbose stack     at EventEmitter.<anonymous> (/Users/ami/.nvm/versions/node/v6.11.0/lib/node_modules/npm/lib/utils/lifecycle.js:255:16)
12 verbose stack     at emitTwo (events.js:106:13)
12 verbose stack     at EventEmitter.emit (events.js:191:7)
12 verbose stack     at ChildProcess.<anonymous> (/Users/ami/.nvm/versions/node/v6.11.0/lib/node_modules/npm/lib/utils/spawn.js:40:14)
12 verbose stack     at emitTwo (events.js:106:13)
12 verbose stack     at ChildProcess.emit (events.js:191:7)
12 verbose stack     at maybeClose (internal/child_process.js:891:16)
12 verbose stack     at Process.ChildProcess._handle.onexit (internal/child_process.js:226:5)
13 verbose pkgid hexo-site@0.0.0
14 verbose cwd /Users/ami/Desktop/FerryVipBlog
15 error Darwin 16.7.0
16 error argv "/Users/ami/.nvm/versions/node/v6.11.0/bin/node" "/Users/ami/.nvm/versions/node/v6.11.0/bin/npm" "run" "d"
17 error node v6.11.0
18 error npm  v3.10.10
19 error code ELIFECYCLE
20 error hexo-site@0.0.0 pred: `git add --all . && git commit -m 'update blog' && git push --quiet --force origin`
20 error Exit status 1
21 error Failed at the hexo-site@0.0.0 pred script 'git add --all . && git commit -m 'update blog' && git push --quiet --force origin'.
21 error Make sure you have the latest version of node.js and npm installed.
21 error If you do, this is most likely a problem with the hexo-site package,
21 error not with npm itself.
21 error Tell the author that this fails on your system:
21 error     git add --all . && git commit -m 'update blog' && git push --quiet --force origin
21 error You can get information on how to open an issue for this project with:
21 error     npm bugs hexo-site
21 error Or if that isn't available, you can get their info via:
21 error     npm owner ls hexo-site
21 error There is likely additional logging output above.
22 verbose exit [ 1, true ]
